SF:lib/main.dart
DA:13,3
DA:14,1
DA:15,1
DA:17,1
DA:20,1
DA:21,1
DA:23,0
DA:27,1
DA:29,0
DA:33,1
DA:35,0
DA:39,1
DA:41,0
DA:45,1
DA:47,0
DA:51,1
DA:53,0
DA:57,1
DA:59,0
DA:68,0
DA:69,0
DA:73,2
DA:75,1
DA:77,1
DA:78,2
DA:79,1
DA:80,1
LF:27
LH:18
end_of_record
SF:lib/camera_widget.dart
DA:5,0
DA:7,0
DA:8,0
DA:12,1
DA:14,0
DA:15,0
DA:21,0
DA:23,0
DA:24,0
DA:27,0
DA:29,0
DA:30,0
DA:31,0
DA:35,0
DA:38,0
DA:39,0
DA:40,0
DA:42,0
DA:45,0
DA:46,0
DA:47,0
DA:50,0
DA:51,0
DA:52,0
DA:56,0
DA:58,0
DA:59,0
DA:62,0
DA:64,0
DA:67,0
DA:68,0
DA:69,0
LF:32
LH:1
end_of_record
SF:lib/global_state.dart
DA:6,1
LF:1
LH:1
end_of_record
SF:lib/homepage.dart
DA:9,2
DA:11,1
DA:12,1
DA:18,1
DA:20,4
DA:21,1
DA:22,1
DA:23,1
DA:30,1
DA:31,2
DA:32,0
DA:33,1
DA:38,2
DA:39,1
DA:40,1
DA:41,1
DA:42,1
DA:58,1
DA:59,1
DA:61,0
DA:62,0
DA:67,0
DA:68,0
DA:70,0
DA:71,0
DA:76,0
DA:77,0
DA:78,0
DA:80,0
DA:87,0
DA:89,0
DA:90,0
DA:93,0
DA:95,0
DA:96,0
LF:35
LH:18
end_of_record
SF:lib/homepage_bottom_action_bar.dart
DA:5,1
DA:7,1
DA:9,1
DA:11,1
DA:12,1
DA:14,0
DA:15,1
DA:17,0
DA:19,0
DA:22,1
DA:24,0
LF:11
LH:7
end_of_record
SF:lib/homepage_carousel_with_indicator.dart
DA:6,1
DA:8,1
DA:9,1
DA:38,1
DA:39,1
DA:40,1
DA:41,2
DA:42,1
DA:44,2
DA:45,1
DA:50,1
DA:52,2
DA:53,1
DA:54,2
DA:55,1
DA:56,2
DA:57,1
DA:58,0
DA:60,0
DA:62,0
DA:65,1
DA:66,1
DA:67,1
DA:68,1
DA:69,1
DA:70,2
DA:75,1
DA:77,1
DA:78,1
DA:85,1
DA:87,1
DA:89,1
DA:90,2
DA:91,3
DA:99,1
DA:100,1
DA:104,1
DA:105,0
DA:106,0
DA:107,0
DA:112,1
DA:114,5
DA:115,1
DA:116,0
DA:117,1
DA:122,1
DA:124,3
DA:130,1
LF:48
LH:41
end_of_record
SF:lib/recipe_detail.dart
DA:9,2
DA:11,0
DA:12,0
DA:19,0
DA:21,0
DA:22,0
DA:25,0
DA:26,0
DA:27,0
DA:28,0
DA:29,0
DA:33,0
DA:35,0
DA:36,0
DA:37,0
DA:38,0
DA:39,0
DA:40,0
DA:41,0
DA:44,0
DA:45,0
DA:46,0
DA:48,0
DA:51,0
DA:52,0
DA:53,0
DA:54,0
DA:56,0
DA:66,0
DA:67,0
DA:68,0
DA:69,0
DA:70,0
DA:72,0
DA:73,0
DA:77,0
DA:79,0
DA:90,0
DA:91,0
DA:92,0
DA:93,0
DA:101,0
DA:102,0
DA:103,0
DA:104,0
DA:105,0
DA:106,0
DA:107,0
LF:48
LH:1
end_of_record
SF:lib/ingredients.dart
DA:6,0
LF:1
LH:0
end_of_record
SF:lib/ingredients_list.dart
DA:6,1
DA:8,0
DA:9,0
DA:21,0
DA:23,0
DA:24,0
DA:28,0
DA:29,0
DA:30,0
DA:31,0
DA:32,0
DA:33,0
DA:34,0
DA:35,0
DA:36,0
DA:37,0
DA:38,0
DA:39,0
DA:40,0
DA:47,0
DA:49,0
DA:50,0
DA:51,0
LF:23
LH:1
end_of_record
SF:lib/log_in.dart
DA:7,1
DA:9,0
DA:10,0
DA:18,0
DA:20,0
DA:21,0
DA:24,0
DA:26,0
DA:27,0
DA:32,0
DA:34,0
DA:35,0
DA:36,0
DA:37,0
DA:38,0
DA:39,0
DA:40,0
DA:43,0
DA:44,0
DA:47,0
DA:48,0
DA:49,0
DA:50,0
DA:51,0
DA:52,0
DA:53,0
DA:55,0
DA:56,0
DA:58,0
DA:62,0
DA:63,0
DA:64,0
DA:73,0
DA:75,0
DA:79,0
DA:80,0
DA:81,0
DA:88,0
DA:90,0
DA:93,0
DA:97,0
DA:98,0
DA:101,0
LF:43
LH:1
end_of_record
SF:lib/sign_up.dart
DA:5,1
DA:7,0
DA:8,0
DA:17,0
DA:18,0
DA:23,0
DA:25,0
DA:26,0
DA:27,0
DA:29,0
DA:30,0
DA:31,0
DA:32,0
DA:35,0
DA:36,0
DA:39,0
DA:40,0
DA:41,0
DA:42,0
DA:43,0
DA:44,0
DA:45,0
DA:47,0
DA:48,0
DA:50,0
DA:54,0
DA:55,0
DA:56,0
DA:65,0
DA:67,0
DA:71,0
DA:72,0
DA:73,0
DA:80,0
DA:82,0
DA:86,0
DA:87,0
DA:88,0
DA:90,0
DA:97,0
DA:99,0
DA:102,0
DA:106,0
DA:107,0
DA:110,0
LF:45
LH:1
end_of_record
SF:lib/recipe_list_page.dart
DA:7,1
DA:9,0
DA:10,0
DA:16,0
DA:18,0
DA:19,0
DA:22,0
DA:23,0
DA:24,0
DA:25,0
DA:26,0
DA:27,0
DA:32,0
DA:34,0
DA:35,0
DA:37,0
DA:38,0
DA:39,0
DA:40,0
DA:44,0
DA:45,0
DA:46,0
DA:47,0
DA:48,0
DA:52,0
DA:53,0
DA:54,0
DA:56,0
DA:59,0
LF:29
LH:1
end_of_record
SF:lib/photo_capture_page.dart
DA:6,1
DA:8,0
DA:10,0
DA:11,0
DA:15,0
DA:17,0
DA:19,0
DA:20,0
DA:21,0
DA:22,0
DA:24,0
DA:25,0
DA:39,1
DA:41,0
DA:43,0
DA:45,0
DA:47,0
DA:48,0
DA:49,0
DA:51,0
DA:57,0
DA:58,0
DA:60,0
DA:61,0
DA:63,0
LF:25
LH:2
end_of_record
SF:lib/upload_recipe_page.dart
DA:7,1
DA:9,0
DA:10,0
DA:23,0
DA:24,0
DA:26,0
DA:29,0
DA:30,0
DA:35,0
DA:36,0
DA:37,0
DA:38,0
DA:39,0
DA:40,0
DA:41,0
DA:42,0
DA:43,0
DA:44,0
DA:48,0
DA:50,0
DA:54,0
DA:56,0
DA:58,0
DA:59,0
DA:60,0
DA:61,0
DA:66,0
DA:67,0
DA:68,0
DA:69,0
DA:85,0
DA:86,0
DA:87,0
DA:88,0
DA:89,0
DA:90,0
DA:91,0
DA:92,0
DA:93,0
DA:94,0
DA:98,0
DA:100,0
DA:104,0
DA:106,0
DA:108,0
DA:109,0
DA:110,0
DA:111,0
DA:116,0
DA:117,0
DA:118,0
DA:119,0
DA:135,0
DA:137,0
DA:140,0
DA:142,0
DA:144,0
DA:145,0
DA:147,0
DA:148,0
DA:149,0
DA:159,0
DA:161,0
DA:162,0
DA:164,0
DA:166,0
DA:167,0
DA:171,0
DA:172,0
DA:173,0
DA:175,0
DA:176,0
DA:177,0
DA:178,0
DA:182,0
DA:184,0
DA:185,0
DA:186,0
DA:191,0
DA:193,0
DA:194,0
DA:195,0
DA:199,0
DA:200,0
LF:84
LH:1
end_of_record
SF:lib/recipe_rating_form.dart
DA:4,1
DA:6,0
DA:7,0
DA:12,0
DA:13,0
DA:14,0
DA:15,0
DA:16,0
DA:18,0
DA:19,0
DA:20,0
DA:21,0
DA:26,0
DA:27,0
DA:28,0
DA:30,0
DA:31,0
DA:32,0
DA:33,0
DA:41,0
DA:43,0
DA:44,0
DA:47,0
DA:49,0
DA:50,0
DA:52,0
DA:54,0
DA:56,0
DA:57,0
DA:61,0
DA:62,0
LF:31
LH:1
end_of_record
